<?xml version="1.0" encoding="UTF-8"?>
<testsuite xmlns:xsi="http://www.w3.org/2001/XMLSchema-instance" xsi:noNamespaceSchemaLocation="https://maven.apache.org/surefire/maven-surefire-plugin/xsd/surefire-test-report-3.0.xsd" version="3.0" name="TestSuite" time="1.856" tests="5" errors="0" skipped="0" failures="0">
  <properties>
[...]
</properties>
  <testcase name="runScenario[&quot;searching products in google&quot;, &quot;searching products&quot;](1)" classname="runner.testRunner" time="0.075">
    <system-out><![CDATA[[TestNGContentHandler] [WARN] It is strongly recommended to add "<!DOCTYPE suite SYSTEM "http://testng.org/testng-1.0.dtd" >" at the top of your file, otherwise TestNG may fail or not work as expected.
]]></system-out>
  </testcase>
  <testcase name="runScenario[&quot;searching products in google&quot;, &quot;searching products&quot;](2)" classname="runner.testRunner" time="0.002"/>
  <testcase name="runScenario[&quot;searching products in google&quot;, &quot;searching products&quot;](3)" classname="runner.testRunner" time="0.003"/>
  <testcase name="runScenario[&quot;searching products in google&quot;, &quot;searching products&quot;](4)" classname="runner.testRunner" time="0.008"/>
  <testcase name="runScenario[&quot;searching products in google&quot;, &quot;searching products&quot;](5)" classname="runner.testRunner" time="0.01"/>
</testsuite>